app/build/outputs/logs/manifest-merger-debug-report.txt
-- Merging decision tree log ---
manifest
ADDED from src\main\AndroidManifest.xml:2:1-186:12
	package
		ADDED from src\main\AndroidManifest.xml:4:5-45
		INJECTED from src\main\AndroidManifest.xml
		INJECTED from src\main\AndroidManifest.xml
	android:versionName
		INJECTED from src\main\AndroidManifest.xml
		INJECTED from src\main\AndroidManifest.xml
	xmlns:tools
		ADDED from src\main\AndroidManifest.xml:3:5-51
	xmlns:android
		ADDED from src\main\AndroidManifest.xml:2:11-69
	android:versionCode
		INJECTED from src\main\AndroidManifest.xml
		INJECTED from src\main\AndroidManifest.xml
uses-feature#android.hardware.camera
ADDED from src\main\AndroidManifest.xml:6:5-60
MERGED from [Remotemeicalplatform:webrtc-client:unspecified] AndroidManifest.xml:11:5-60
	android:name
		ADDED from src\main\AndroidManifest.xml:6:19-57
uses-feature#android.hardware.camera.autofocus
ADDED from src\main\AndroidManifest.xml:7:5-70
MERGED from [Remotemeicalplatform:webrtc-client:unspecified] AndroidManifest.xml:12:5-70
	android:name
		ADDED from src\main\AndroidManifest.xml:7:19-67
uses-feature#0x00020000
ADDED from src\main\AndroidManifest.xml:8:5-10:35
MERGED from [Remotemeicalplatform:webrtc-client:unspecified] AndroidManifest.xml:13:5-15:35
	android:glEsVersion
		ADDED from src\main\AndroidManifest.xml:9:9-41
	android:required
		ADDED from src\main\AndroidManifest.xml:10:9-32
uses-permission#android.permission.READ_PHONE_STATE
ADDED from src\main\AndroidManifest.xml:12:5-75
	android:name
		ADDED from src\main\AndroidManifest.xml:12:22-72
uses-permission#android.permission.INTERNET
ADDED from src\main\AndroidManifest.xml:13:5-67
MERGED from [Remotemeicalplatform:webrtc-client:unspecified] AndroidManifest.xml:20:5-67
MERGED from [com.github.erizet.signala:signala-longpolling:0.20] AndroidManifest.xml:5:2-63
	android:name
		ADDED from src\main\AndroidManifest.xml:13:22-64
uses-permission#android.permission.WRITE_EXTERNAL_STORAGE
ADDED from src\main\AndroidManifest.xml:14:5-81
MERGED from [Remotemeicalplatform:webrtc-client:unspecified] AndroidManifest.xml:22:5-81
MERGED from [me.iwf.photopicker:PhotoPicker:0.9.5] AndroidManifest.xml:9:5-81
	android:name
		ADDED from src\main\AndroidManifest.xml:14:22-78
uses-permission#android.permission.CAMERA
ADDED from src\main\AndroidManifest.xml:15:5-65
MERGED from [Remotemeicalplatform:webrtc-client:unspecified] AndroidManifest.xml:17:5-65
MERGED from [me.iwf.photopicker:PhotoPicker:0.9.5] AndroidManifest.xml:11:5-65
	android:name
		ADDED from src\main\AndroidManifest.xml:15:22-62
uses-permission#android.permission.RECORD_AUDIO
ADDED from src\main\AndroidManifest.xml:16:5-71
MERGED from [Remotemeicalplatform:webrtc-client:unspecified] AndroidManifest.xml:19:5-71
	android:name
		ADDED from src\main\AndroidManifest.xml:16:22-68
uses-permission#android.permission.MODIFY_AUDIO_SETTINGS
ADDED from src\main\AndroidManifest.xml:17:5-80
MERGED from [Remotemeicalplatform:webrtc-client:unspecified] AndroidManifest.xml:18:5-80
	android:name
		ADDED from src\main\AndroidManifest.xml:17:22-77
application
ADDED from src\main\AndroidManifest.xml:19:5-184:19
MERGED from [com.ashokvarma.android:bottom-navigation-bar:1.2.0] AndroidManifest.xml:11:5-13:38
MERGED from [cn.pedant.sweetalert:library:1.3] AndroidManifest.xml:11:5-20
MERGED from [com.pnikosis:materialish-progress:1.0] AndroidManifest.xml:11:5-15:19
MERGED from [Remotemeicalplatform:webrtc-client:unspecified] AndroidManifest.xml:24:5-47
MERGED from [com.github.erizet.signala:signala-longpolling:0.20] AndroidManifest.xml:7:5-8:19
MERGED from [com.github.erizet.signala:parallel-basic-http-client:0.20] AndroidManifest.xml:5:5-6:19
MERGED from [com.github.erizet.signala:signala:0.20] AndroidManifest.xml:5:5-6:19
MERGED from [io.pristine:libjingle:9694] AndroidManifest.xml:11:5-12:19
MERGED from [com.google.android.gms:play-services-appindexing:8.4.0] AndroidManifest.xml:19:5-20
MERGED from [com.google.android.gms:play-services-basement:8.4.0] AndroidManifest.xml:20:5-24:19
MERGED from [me.iwf.photopicker:PhotoPicker:0.9.5] AndroidManifest.xml:13:5-23:19
MERGED from [com.android.support:design:23.4.0] AndroidManifest.xml:22:5-20
MERGED from [com.github.donkingliang:LabelsView:1.2.0] AndroidManifest.xml:11:5-15:19
MERGED from [com.android.support:appcompat-v7:24.2.1] AndroidManifest.xml:25:5-20
MERGED from [com.android.support:animated-vector-drawable:24.2.1] AndroidManifest.xml:22:5-20
MERGED from [com.android.support:support-vector-drawable:24.2.1] AndroidManifest.xml:23:5-20
MERGED from [org.xutils:xutils:3.2.2] AndroidManifest.xml:12:5-20
MERGED from [com.android.support:cardview-v7:23.0.0] AndroidManifest.xml:22:5-20
MERGED from [com.android.support:support-v4:24.2.1] AndroidManifest.xml:25:5-20
MERGED from [com.android.support:support-fragment:24.2.1] AndroidManifest.xml:25:5-20
MERGED from [com.android.support:support-media-compat:24.2.1] AndroidManifest.xml:25:5-20
MERGED from [com.android.support:support-core-ui:24.2.1] AndroidManifest.xml:25:5-20
MERGED from [com.android.support:support-core-utils:24.2.1] AndroidManifest.xml:25:5-20
MERGED from [com.android.support:support-compat:24.2.1] AndroidManifest.xml:25:5-20
	android:label
		ADDED from src\main\AndroidManifest.xml:23:9-41
	android:supportsRtl
		ADDED from src\main\AndroidManifest.xml:24:9-35
	android:allowBackup
		ADDED from src\main\AndroidManifest.xml:21:9-35
	android:icon
		ADDED from src\main\AndroidManifest.xml:22:9-35
		REJECTED from [com.pnikosis:materialish-progress:1.0] AndroidManifest.xml:13:9-45
		REJECTED from [com.github.erizet.signala:signala-longpolling:0.20] AndroidManifest.xml:7:18-54
		REJECTED from [com.github.erizet.signala:parallel-basic-http-client:0.20] AndroidManifest.xml:5:45-81
		REJECTED from [com.github.erizet.signala:signala:0.20] AndroidManifest.xml:5:18-54
	android:theme
		ADDED from src\main\AndroidManifest.xml:25:9-40
	tools:replace
		ADDED from src\main\AndroidManifest.xml:26:9-37
	android:name
		ADDED from src\main\AndroidManifest.xml:20:9-53
activity#com.gxey.remotemedicalplatform.activity.LoginActivity
ADDED from src\main\AndroidManifest.xml:30:9-41:20
	android:screenOrientation
		ADDED from src\main\AndroidManifest.xml:33:13-49
	android:windowSoftInputMode
		ADDED from src\main\AndroidManifest.xml:35:13-67
	android:configChanges
		ADDED from src\main\AndroidManifest.xml:32:13-63
	android:theme
		ADDED from src\main\AndroidManifest.xml:34:13-44
	android:name
		ADDED from src\main\AndroidManifest.xml:31:13-51
intent-filter#android.intent.action.MAIN+android.intent.category.LAUNCHER
ADDED from src\main\AndroidManifest.xml:36:13-40:29
action#android.intent.action.MAIN
ADDED from src\main\AndroidManifest.xml:37:17-69
	android:name
		ADDED from src\main\AndroidManifest.xml:37:25-66
category#android.intent.category.LAUNCHER
ADDED from src\main\AndroidManifest.xml:39:17-77
	android:name
		ADDED from src\main\AndroidManifest.xml:39:27-74
activity#com.gxey.remotemedicalplatform.activity.MainActivity
ADDED from src\main\AndroidManifest.xml:42:9-47:81
	android:screenOrientation
		ADDED from src\main\AndroidManifest.xml:45:13-49
	android:windowSoftInputMode
		ADDED from src\main\AndroidManifest.xml:47:13-69
	android:configChanges
		ADDED from src\main\AndroidManifest.xml:44:13-63
	android:theme
		ADDED from src\main\AndroidManifest.xml:46:13-44
	android:name
		ADDED from src\main\AndroidManifest.xml:43:13-50
activity#com.gxey.remotemedicalplatform.activity.secondactivity.ActivityHeathDangAn
ADDED from src\main\AndroidManifest.xml:48:9-52:52
	android:screenOrientation
		ADDED from src\main\AndroidManifest.xml:51:13-49
	android:configChanges
		ADDED from src\main\AndroidManifest.xml:50:13-63
	android:theme
		ADDED from src\main\AndroidManifest.xml:52:13-49
	android:name
		ADDED from src\main\AndroidManifest.xml:49:13-72
activity#com.gxey.remotemedicalplatform.activity.RegisteredActivity
ADDED from src\main\AndroidManifest.xml:54:9-74
	android:name
		ADDED from src\main\AndroidManifest.xml:54:19-62
activity#com.gxey.remotemedicalplatform.activity.BackPasswordActivity
ADDED from src\main\AndroidManifest.xml:56:9-76
	android:name
		ADDED from src\main\AndroidManifest.xml:56:19-64
activity#com.gxey.remotemedicalplatform.activity.CircleTopicactivity
ADDED from src\main\AndroidManifest.xml:58:9-75
	android:name
		ADDED from src\main\AndroidManifest.xml:58:19-63
activity#com.gxey.remotemedicalplatform.activity.EvaluationActivity
ADDED from src\main\AndroidManifest.xml:60:9-74
	android:name
		ADDED from src\main\AndroidManifest.xml:60:19-62
activity#com.gxey.remotemedicalplatform.activity.PersonalInformationActivity
ADDED from src\main\AndroidManifest.xml:62:9-64:76
	android:windowSoftInputMode
		ADDED from src\main\AndroidManifest.xml:64:13-64
	android:name
		ADDED from src\main\AndroidManifest.xml:63:13-65
activity#com.gxey.remotemedicalplatform.activity.CircleActivity
ADDED from src\main\AndroidManifest.xml:66:9-70
	android:name
		ADDED from src\main\AndroidManifest.xml:66:19-58
activity#com.gxey.remotemedicalplatform.activity.storesActivity
ADDED from src\main\AndroidManifest.xml:68:9-70
	android:name
		ADDED from src\main\AndroidManifest.xml:68:19-58
activity#com.gxey.remotemedicalplatform.activity.ChangePasswordActivity
ADDED from src\main\AndroidManifest.xml:70:9-78
	android:name
		ADDED from src\main\AndroidManifest.xml:70:19-66
activity#com.gxey.remotemedicalplatform.activity.MedicalApplicationActivity
ADDED from src\main\AndroidManifest.xml:72:9-74:76
	android:windowSoftInputMode
		ADDED from src\main\AndroidManifest.xml:74:13-64
	android:name
		ADDED from src\main\AndroidManifest.xml:73:13-64
activity#com.gxey.remotemedicalplatform.activity.CircleListActivity
ADDED from src\main\AndroidManifest.xml:76:9-74
	android:name
		ADDED from src\main\AndroidManifest.xml:76:19-62
activity#com.gxey.remotemedicalplatform.activity.OverConsultationActivity
ADDED from src\main\AndroidManifest.xml:78:9-80:76
	android:windowSoftInputMode
		ADDED from src\main\AndroidManifest.xml:80:13-64
	android:name
		ADDED from src\main\AndroidManifest.xml:79:13-62
activity#com.gxey.remotemedicalplatform.activity.HelpActivity
ADDED from src\main\AndroidManifest.xml:82:9-68
	android:name
		ADDED from src\main\AndroidManifest.xml:82:19-56
activity#com.gxey.remotemedicalplatform.activity.FrequencyActivity
ADDED from src\main\AndroidManifest.xml:85:9-73
	android:name
		ADDED from src\main\AndroidManifest.xml:85:19-61
activity#com.gxey.remotemedicalplatform.activity.WebCircleActivity
ADDED from src\main\AndroidManifest.xml:88:9-73
	android:name
		ADDED from src\main\AndroidManifest.xml:88:19-61
activity#com.gxey.remotemedicalplatform.activity.WebInformationActivity
ADDED from src\main\AndroidManifest.xml:90:9-78
	android:name
		ADDED from src\main\AndroidManifest.xml:90:19-66
activity#com.gxey.remotemedicalplatform.activity.WebHealthRecordsActivity
ADDED from src\main\AndroidManifest.xml:92:9-80
	android:name
		ADDED from src\main\AndroidManifest.xml:92:19-68
activity#com.gxey.remotemedicalplatform.activity.WebMyDiagnosisActivity
ADDED from src\main\AndroidManifest.xml:94:9-78
	android:name
		ADDED from src\main\AndroidManifest.xml:94:19-66
activity#com.gxey.remotemedicalplatform.activity.WebOpinionActivity
ADDED from src\main\AndroidManifest.xml:96:9-74
	android:name
		ADDED from src\main\AndroidManifest.xml:96:19-62
activity#com.gxey.remotemedicalplatform.activity.WebMedicationActivity
ADDED from src\main\AndroidManifest.xml:98:9-77
	android:name
		ADDED from src\main\AndroidManifest.xml:98:19-65
activity#com.gxey.remotemedicalplatform.activity.WebHelpActivity
ADDED from src\main\AndroidManifest.xml:100:9-71
	android:name
		ADDED from src\main\AndroidManifest.xml:100:19-59
activity#com.gxey.remotemedicalplatform.activity.WebIndexActivity
ADDED from src\main\AndroidManifest.xml:102:9-72
	android:name
		ADDED from src\main\AndroidManifest.xml:102:19-60
activity#com.gxey.remotemedicalplatform.activity.WebAgreementActivity
ADDED from src\main\AndroidManifest.xml:104:9-76
	android:name
		ADDED from src\main\AndroidManifest.xml:104:19-64
activity#com.gxey.remotemedicalplatform.activity.WebSearchActivity
ADDED from src\main\AndroidManifest.xml:106:9-73
	android:name
		ADDED from src\main\AndroidManifest.xml:106:19-61
activity#com.gxey.remotemedicalplatform.activity.WebHomeGoods1
ADDED from src\main\AndroidManifest.xml:107:9-69
	android:name
		ADDED from src\main\AndroidManifest.xml:107:19-57
activity#com.gxey.remotemedicalplatform.activity.ActivityDrugStore
ADDED from src\main\AndroidManifest.xml:111:9-73
	android:name
		ADDED from src\main\AndroidManifest.xml:111:19-61
activity#com.gxey.remotemedicalplatform.activity.ActivityImageShow
ADDED from src\main\AndroidManifest.xml:113:9-64
	android:name
		ADDED from src\main\AndroidManifest.xml:113:19-61
activity#com.gxey.remotemedicalplatform.activity.WebDemoActivity
ADDED from src\main\AndroidManifest.xml:114:9-62
	android:name
		ADDED from src\main\AndroidManifest.xml:114:19-59
activity#com.gxey.remotemedicalplatform.activity.WebBannerbenActgvity
ADDED from src\main\AndroidManifest.xml:117:9-67
	android:name
		ADDED from src\main\AndroidManifest.xml:117:19-64
activity#me.iwf.photopicker.PhotoPickerActivity
ADDED from src\main\AndroidManifest.xml:119:9-121:66
	android:theme
		ADDED from src\main\AndroidManifest.xml:121:13-63
	android:name
		ADDED from src\main\AndroidManifest.xml:120:13-66
activity#me.iwf.photopicker.PhotoPagerActivity
ADDED from src\main\AndroidManifest.xml:123:9-125:66
	android:theme
		ADDED from src\main\AndroidManifest.xml:125:13-63
	android:name
		ADDED from src\main\AndroidManifest.xml:124:13-65
activity#com.gxey.remotemedicalplatform.activity.secondactivity.ActivityMyMsg
ADDED from src\main\AndroidManifest.xml:128:9-132:52
	android:screenOrientation
		ADDED from src\main\AndroidManifest.xml:131:13-49
	android:configChanges
		ADDED from src\main\AndroidManifest.xml:130:13-63
	android:theme
		ADDED from src\main\AndroidManifest.xml:132:13-49
	android:name
		ADDED from src\main\AndroidManifest.xml:129:13-66
activity#com.gxey.remotemedicalplatform.activity.secondactivity.ActivityHeathDianZi
ADDED from src\main\AndroidManifest.xml:133:9-137:52
	android:screenOrientation
		ADDED from src\main\AndroidManifest.xml:136:13-49
	android:configChanges
		ADDED from src\main\AndroidManifest.xml:135:13-63
	android:theme
		ADDED from src\main\AndroidManifest.xml:137:13-49
	android:name
		ADDED from src\main\AndroidManifest.xml:134:13-72
activity#com.gxey.remotemedicalplatform.activity.secondactivity.ActivityDoctorList
ADDED from src\main\AndroidManifest.xml:138:9-143:70
	android:screenOrientation
		ADDED from src\main\AndroidManifest.xml:141:13-49
	android:windowSoftInputMode
		ADDED from src\main\AndroidManifest.xml:143:13-67
	android:configChanges
		ADDED from src\main\AndroidManifest.xml:140:13-63
	android:theme
		ADDED from src\main\AndroidManifest.xml:142:13-49
	android:name
		ADDED from src\main\AndroidManifest.xml:139:13-71
activity#com.gxey.remotemedicalplatform.activity.secondactivity.ActivityYiZhu
ADDED from src\main\AndroidManifest.xml:144:9-149:70
	android:screenOrientation
		ADDED from src\main\AndroidManifest.xml:147:13-49
	android:windowSoftInputMode
		ADDED from src\main\AndroidManifest.xml:149:13-67
	android:configChanges
		ADDED from src\main\AndroidManifest.xml:146:13-63
	android:theme
		ADDED from src\main\AndroidManifest.xml:148:13-49
	android:name
		ADDED from src\main\AndroidManifest.xml:145:13-66
activity#com.gxey.remotemedicalplatform.activity.secondactivity.ActivityFenZhen
ADDED from src\main\AndroidManifest.xml:150:9-155:70
	android:screenOrientation
		ADDED from src\main\AndroidManifest.xml:153:13-49
	android:windowSoftInputMode
		ADDED from src\main\AndroidManifest.xml:155:13-67
	android:configChanges
		ADDED from src\main\AndroidManifest.xml:152:13-63
	android:theme
		ADDED from src\main\AndroidManifest.xml:154:13-49
	android:name
		ADDED from src\main\AndroidManifest.xml:151:13-68
activity#com.gxey.remotemedicalplatform.activity.secondactivity.ActivityDZDetails
ADDED from src\main\AndroidManifest.xml:156:9-161:70
	android:screenOrientation
		ADDED from src\main\AndroidManifest.xml:159:13-49
	android:windowSoftInputMode
		ADDED from src\main\AndroidManifest.xml:161:13-67
	android:configChanges
		ADDED from src\main\AndroidManifest.xml:158:13-63
	android:theme
		ADDED from src\main\AndroidManifest.xml:160:13-49
	android:name
		ADDED from src\main\AndroidManifest.xml:157:13-70
activity#com.gxey.remotemedicalplatform.activity.secondactivity.ActivityHealthBaoGao
ADDED from src\main\AndroidManifest.xml:162:9-167:70
	android:screenOrientation
		ADDED from src\main\AndroidManifest.xml:165:13-49
	android:windowSoftInputMode
		ADDED from src\main\AndroidManifest.xml:167:13-67
	android:configChanges
		ADDED from src\main\AndroidManifest.xml:164:13-63
	android:theme
		ADDED from src\main\AndroidManifest.xml:166:13-49
	android:name
		ADDED from src\main\AndroidManifest.xml:163:13-73
activity#com.gxey.remotemedicalplatform.activity.secondactivity.ActivityYiChuan
ADDED from src\main\AndroidManifest.xml:168:9-173:70
	android:screenOrientation
		ADDED from src\main\AndroidManifest.xml:171:13-49
	android:windowSoftInputMode
		ADDED from src\main\AndroidManifest.xml:173:13-67
	android:configChanges
		ADDED from src\main\AndroidManifest.xml:170:13-63
	android:theme
		ADDED from src\main\AndroidManifest.xml:172:13-49
	android:name
		ADDED from src\main\AndroidManifest.xml:169:13-68
activity#com.gxey.remotemedicalplatform.activity.secondactivity.ActivityYiZhuDetails
ADDED from src\main\AndroidManifest.xml:174:9-179:70
	android:screenOrientation
		ADDED from src\main\AndroidManifest.xml:177:13-49
	android:windowSoftInputMode
		ADDED from src\main\AndroidManifest.xml:179:13-67
	android:configChanges
		ADDED from src\main\AndroidManifest.xml:176:13-63
	android:theme
		ADDED from src\main\AndroidManifest.xml:178:13-49
	android:name
		ADDED from src\main\AndroidManifest.xml:175:13-73
meta-data#com.google.android.gms.version
ADDED from src\main\AndroidManifest.xml:181:9-183:69
MERGED from [com.google.android.gms:play-services-basement:8.4.0] AndroidManifest.xml:21:9-23:69
	android:value
		ADDED from src\main\AndroidManifest.xml:183:13-66
	android:name
		ADDED from src\main\AndroidManifest.xml:182:13-58
uses-sdk
INJECTED from src\main\AndroidManifest.xml reason: use-sdk injection requested
MERGED from [io.reactivex:rxandroid:1.2.1] AndroidManifest.xml:19:5-43
MERGED from [com.jakewharton:butterknife:8.4.0] AndroidManifest.xml:5:5-43
MERGED from [com.orhanobut:logger:1.15] AndroidManifest.xml:6:5-43
MERGED from [com.ashokvarma.android:bottom-navigation-bar:1.2.0] AndroidManifest.xml:7:5-9:41
MERGED from [cn.pedant.sweetalert:library:1.3] AndroidManifest.xml:7:5-9:41
MERGED from [com.pnikosis:materialish-progress:1.0] AndroidManifest.xml:7:5-9:41
MERGED from [com.makeramen:roundedimageview:2.3.0] AndroidManifest.xml:7:5-43
MERGED from [com.yanzhenjie:permission:1.0.4] AndroidManifest.xml:6:5-8:41
MERGED from [com.yanzhenjie.alertdialog:alertdialog:1.0.0] AndroidManifest.xml:6:5-8:41
MERGED from [Remotemeicalplatform:webrtc-client:unspecified] AndroidManifest.xml:7:5-9:41
MERGED from [com.github.erizet.signala:signala-longpolling:0.20] AndroidManifest.xml:3:5-72
MERGED from [com.github.erizet.signala:parallel-basic-http-client:0.20] AndroidManifest.xml:3:5-72
MERGED from [com.github.erizet.signala:signala:0.20] AndroidManifest.xml:3:5-72
MERGED from [io.pristine:libjingle:9694] AndroidManifest.xml:7:5-9:41
MERGED from [com.google.android.gms:play-services-appindexing:8.4.0] AndroidManifest.xml:18:5-42
MERGED from [com.google.android.gms:play-services-base:8.4.0] AndroidManifest.xml:18:5-42
MERGED from [com.google.android.gms:play-services-basement:8.4.0] AndroidManifest.xml:18:5-42
MERGED from [me.iwf.photopicker:PhotoPicker:0.9.5] AndroidManifest.xml:5:5-7:41
MERGED from [com.android.support:design:23.4.0] AndroidManifest.xml:20:5-43
MERGED from [com.android.support:recyclerview-v7:23.4.0] AndroidManifest.xml:20:5-43
MERGED from [com.github.chrisbanes:PhotoView:1.3.0] AndroidManifest.xml:8:5-10:41
MERGED from [com.github.donkingliang:LabelsView:1.2.0] AndroidManifest.xml:7:5-9:41
MERGED from [com.android.support:appcompat-v7:24.2.1] AndroidManifest.xml:21:5-23:78
MERGED from [com.android.support:animated-vector-drawable:24.2.1] AndroidManifest.xml:20:5-44
MERGED from [com.android.support:support-vector-drawable:24.2.1] AndroidManifest.xml:21:5-43
MERGED from [org.xutils:xutils:3.2.2] AndroidManifest.xml:8:5-10:41
MERGED from [com.android.support:cardview-v7:23.0.0] AndroidManifest.xml:20:5-43
MERGED from [com.android.databinding:adapters:1.2.1] AndroidManifest.xml:22:5-24:41
MERGED from [com.android.databinding:library:1.2.1] AndroidManifest.xml:22:5-24:41
MERGED from [com.android.support:support-v4:24.2.1] AndroidManifest.xml:21:5-23:54
MERGED from [com.android.support:support-fragment:24.2.1] AndroidManifest.xml:21:5-23:60
MERGED from [com.android.support:support-media-compat:24.2.1] AndroidManifest.xml:21:5-23:63
MERGED from [com.android.support:support-core-ui:24.2.1] AndroidManifest.xml:21:5-23:58
MERGED from [com.android.support:support-core-utils:24.2.1] AndroidManifest.xml:21:5-23:61
MERGED from [com.android.support:support-compat:24.2.1] AndroidManifest.xml:21:5-23:58
	tools:overrideLibrary
		ADDED from [com.android.support:appcompat-v7:24.2.1] AndroidManifest.xml:23:9-75
	android:targetSdkVersion
		INJECTED from src\main\AndroidManifest.xml
		INJECTED from src\main\AndroidManifest.xml
	android:minSdkVersion
		INJECTED from src\main\AndroidManifest.xml
		INJECTED from src\main\AndroidManifest.xml
uses-permission#android.permission.WAKE_LOCK
ADDED from [Remotemeicalplatform:webrtc-client:unspecified] AndroidManifest.xml:21:5-68
	android:name
		ADDED from [Remotemeicalplatform:webrtc-client:unspecified] AndroidManifest.xml:21:22-65
uses-permission#android.permission.ACCESS_NETWORK_STATE
ADDED from [com.github.erizet.signala:signala-longpolling:0.20] AndroidManifest.xml:4:5-78
	android:name
		ADDED from [com.github.erizet.signala:signala-longpolling:0.20] AndroidManifest.xml:4:22-76
uses-permission#android.permission.READ_EXTERNAL_STORAGE
ADDED from [me.iwf.photopicker:PhotoPicker:0.9.5] AndroidManifest.xml:10:5-80
	android:name
		ADDED from [me.iwf.photopicker:PhotoPicker:0.9.5] AndroidManifest.xml:10:22-77
provider#android.support.v4.content.FileProvider
ADDED from [me.iwf.photopicker:PhotoPicker:0.9.5] AndroidManifest.xml:14:9-22:20
	android:authorities
		ADDED from [me.iwf.photopicker:PhotoPicker:0.9.5] AndroidManifest.xml:16:13-60
	android:grantUriPermissions
		ADDED from [me.iwf.photopicker:PhotoPicker:0.9.5] AndroidManifest.xml:18:13-47
	android:exported
		ADDED from [me.iwf.photopicker:PhotoPicker:0.9.5] AndroidManifest.xml:17:13-37
	android:name
		ADDED from [me.iwf.photopicker:PhotoPicker:0.9.5] AndroidManifest.xml:15:13-67
meta-data#android.support.FILE_PROVIDER_PATHS
ADDED from [me.iwf.photopicker:PhotoPicker:0.9.5] AndroidManifest.xml:19:13-21:67
	android:resource
		ADDED from [me.iwf.photopicker:PhotoPicker:0.9.5] AndroidManifest.xml:21:17-64
	android:name
		ADDED from [me.iwf.photopicker:PhotoPicker:0.9.5] AndroidManifest.xml:20:17-67